<?xml version="1.0" encoding="UTF-8"?>
<testsuite name="moveGenerations_tests.PathAlgorithm_Tests" tests="1" skipped="0" failures="0" errors="0" timestamp="2023-12-08T04:00:35" hostname="DESKTOP-QMT2VVS" time="0.001">
  <properties/>
  <testcase name="ShortestPathExtractor_SendValidPositions_ShouldReturnAllSentNodes()" classname="moveGenerations_tests.PathAlgorithm_Tests" time="0.001"/>
  <system-out><![CDATA[]]></system-out>
  <system-err><![CDATA[]]></system-err>
</testsuite>
