<?xml version="1.0" encoding="UTF-8"?>
<testsuite name="moveGenerations_tests.NextNodePicker_Tests" tests="1" skipped="0" failures="0" errors="0" timestamp="2023-12-08T04:00:35" hostname="DESKTOP-QMT2VVS" time="0.007">
  <properties/>
  <testcase name="NodeFinder_CastleNextToMe_shouldGoThere()" classname="moveGenerations_tests.NextNodePicker_Tests" time="0.007"/>
  <system-out><![CDATA[]]></system-out>
  <system-err><![CDATA[]]></system-err>
</testsuite>
