<?xml version="1.0" encoding="UTF-8"?>
<testsuite name="position_tests.Coordinates_Tests" tests="15" skipped="0" failures="0" errors="0" timestamp="2023-12-08T04:00:35" hostname="DESKTOP-QMT2VVS" time="0.029">
  <properties/>
  <testcase name="[1] x=1, y=-1" classname="position_tests.Coordinates_Tests" time="0.013"/>
  <testcase name="[2] x=-5, y=1" classname="position_tests.Coordinates_Tests" time="0.001"/>
  <testcase name="[3] x=-110, y=-92" classname="position_tests.Coordinates_Tests" time="0.0"/>
  <testcase name="[1] x1=1, y1=1, x2=2, y2=3" classname="position_tests.Coordinates_Tests" time="0.001"/>
  <testcase name="[2] x1=2, y1=15, x2=4, y2=5" classname="position_tests.Coordinates_Tests" time="0.0"/>
  <testcase name="[3] x1=4, y1=2, x2=2, y2=4" classname="position_tests.Coordinates_Tests" time="0.0"/>
  <testcase name="[4] x1=100, y1=102, x2=99, y2=101" classname="position_tests.Coordinates_Tests" time="0.001"/>
  <testcase name="[1] x=1, y=1" classname="position_tests.Coordinates_Tests" time="0.0"/>
  <testcase name="[2] x=2, y=15" classname="position_tests.Coordinates_Tests" time="0.0"/>
  <testcase name="[3] x=4, y=2" classname="position_tests.Coordinates_Tests" time="0.001"/>
  <testcase name="[4] x=100, y=102" classname="position_tests.Coordinates_Tests" time="0.0"/>
  <testcase name="[1] x1=1, y1=1, x2=2, y2=3" classname="position_tests.Coordinates_Tests" time="0.0"/>
  <testcase name="[2] x1=2, y1=15, x2=4, y2=5" classname="position_tests.Coordinates_Tests" time="0.0"/>
  <testcase name="[3] x1=4, y1=2, x2=2, y2=4" classname="position_tests.Coordinates_Tests" time="0.001"/>
  <testcase name="[4] x1=100, y1=102, x2=99, y2=101" classname="position_tests.Coordinates_Tests" time="0.001"/>
  <system-out><![CDATA[]]></system-out>
  <system-err><![CDATA[]]></system-err>
</testsuite>
