<?xml version="1.0" encoding="UTF-8"?>
<testsuite name="moveGenerations_tests.PathFinding_Tests" tests="4" skipped="0" failures="0" errors="0" timestamp="2023-12-08T04:00:35" hostname="DESKTOP-QMT2VVS" time="0.006">
  <properties/>
  <testcase name="PathFinder_StartIs00EndIs01_shouldReturn01()" classname="moveGenerations_tests.PathFinding_Tests" time="0.0"/>
  <testcase name="PathFinder_StartIs11EndIs02_shouldNotGoOverMountain()" classname="moveGenerations_tests.PathFinding_Tests" time="0.0"/>
  <testcase name="PathFinder_StartIs00EndIs015_shouldReturnStraightLine()" classname="moveGenerations_tests.PathFinding_Tests" time="0.004"/>
  <testcase name="PathFinder_StartNodeEqualsEndNode_shouldReturnEmptyQ()" classname="moveGenerations_tests.PathFinding_Tests" time="0.0"/>
  <system-out><![CDATA[]]></system-out>
  <system-err><![CDATA[]]></system-err>
</testsuite>
